[Tuner] Loading tick matrix once...
[Data Loader] 命中本地缓存: ebb30466，正在加载。
[Data Aligner] 正在对齐 2 个品种，生成宽表矩阵...
[Data Aligner] 矩阵对齐清洗完成，shape=(133195, 18)
[Data Provider] 数据矩阵对齐完成，shape=(133195, 18)
[Tuner] Matrix shape=(133195, 18), range=2026-05-07 09:00:00.500000 -> 2026-05-09 02:29:59.500002
[Tuner] 001/100 pnl=-1677.78 final=-1677.78 trades=16 wr=25.00% best=-1677.78
[Tuner] 002/100 pnl=-279.41 final=-279.41 trades=4 wr=25.00% best=-1677.78
[Tuner] 003/100 pnl=105.10 final=105.10 trades=6 wr=50.00% best=105.10
[Tuner] 004/100 pnl=560.00 final=560.00 trades=1 wr=100.00% best=105.10
[Tuner] 005/100 pnl=-89.10 final=-59.00 trades=3 wr=33.33% best=105.10
[Tuner] 006/100 pnl=-140.00 final=-140.00 trades=1 wr=0.00% best=105.10
[Tuner] 007/100 pnl=-479.91 final=-479.91 trades=3 wr=0.00% best=105.10
[Tuner] 008/100 pnl=76.24 final=76.24 trades=5 wr=40.00% best=105.10
[Tuner] 009/100 pnl=-134.95 final=-134.95 trades=1 wr=0.00% best=105.10
[Tuner] 010/100 pnl=-240.34 final=-240.34 trades=7 wr=28.57% best=105.10
[Tuner] 011/100 pnl=-79.82 final=-79.82 trades=4 wr=50.00% best=105.10
[Tuner] 012/100 pnl=-29.92 final=-29.92 trades=2 wr=50.00% best=105.10
[Tuner] 013/100 pnl=-239.91 final=-239.91 trades=2 wr=0.00% best=105.10
[Tuner] 014/100 pnl=180.85 final=210.95 trades=5 wr=60.00% best=105.10
[Tuner] 015/100 pnl=420.05 final=495.08 trades=3 wr=66.67% best=105.10
[Tuner] 016/100 pnl=385.41 final=385.41 trades=7 wr=71.43% best=385.41
[Tuner] 017/100 pnl=-463.63 final=-463.63 trades=10 wr=20.00% best=385.41
[Tuner] 018/100 pnl=1201.22 final=1201.22 trades=14 wr=57.14% best=1201.22
[Tuner] 019/100 pnl=-259.96 final=-259.96 trades=2 wr=0.00% best=1201.22
[Tuner] 020/100 pnl=-89.98 final=-89.98 trades=1 wr=0.00% best=1201.22
[Tuner] 021/100 pnl=-946.82 final=538.36 trades=20 wr=30.00% best=1201.22
[Tuner] 022/100 pnl=0.00 final=0.00 trades=0 wr=0.00% best=1201.22
[Tuner] 023/100 pnl=2301.12 final=2301.12 trades=9 wr=44.44% best=2301.12
[Tuner] 024/100 pnl=-18.32 final=-18.32 trades=24 wr=25.00% best=2301.12
[Tuner] 025/100 pnl=-59.81 final=-59.81 trades=1 wr=0.00% best=2301.12
[Tuner] 026/100 pnl=0.00 final=0.00 trades=0 wr=0.00% best=2301.12
[Tuner] 027/100 pnl=0.00 final=0.00 trades=0 wr=0.00% best=2301.12
[Tuner] 028/100 pnl=-164.84 final=-164.84 trades=6 wr=33.33% best=2301.12
[Tuner] 029/100 pnl=0.00 final=0.00 trades=0 wr=0.00% best=2301.12
[Tuner] 030/100 pnl=-424.33 final=-424.33 trades=7 wr=28.57% best=2301.12
[Tuner] 031/100 pnl=-89.98 final=-89.98 trades=1 wr=0.00% best=2301.12
[Tuner] 032/100 pnl=-284.27 final=-284.27 trades=7 wr=42.86% best=2301.12
[Tuner] 033/100 pnl=0.00 final=0.00 trades=0 wr=0.00% best=2301.12
[Tuner] 034/100 pnl=-324.75 final=-324.75 trades=4 wr=25.00% best=2301.12
[Tuner] 035/100 pnl=940.00 final=940.00 trades=2 wr=100.00% best=2301.12
[Tuner] 036/100 pnl=-2820.01 final=-2820.01 trades=32 wr=9.38% best=2301.12
[Tuner] 037/100 pnl=-1757.78 final=-1757.78 trades=27 wr=18.52% best=2301.12
[Tuner] 038/100 pnl=0.00 final=0.00 trades=0 wr=0.00% best=2301.12
[Tuner] 039/100 pnl=-83.73 final=-83.73 trades=6 wr=33.33% best=2301.12
[Tuner] 040/100 pnl=0.00 final=0.00 trades=0 wr=0.00% best=2301.12
[Tuner] 041/100 pnl=-44.80 final=-44.80 trades=1 wr=0.00% best=2301.12
[Tuner] 042/100 pnl=705.28 final=330.37 trades=70 wr=37.14% best=2301.12
[Tuner] 043/100 pnl=-149.82 final=-149.82 trades=1 wr=0.00% best=2301.12
[Tuner] 044/100 pnl=-394.22 final=-394.22 trades=5 wr=20.00% best=2301.12
[Tuner] 045/100 pnl=-1974.68 final=-1974.68 trades=27 wr=33.33% best=2301.12
[Tuner] 046/100 pnl=-209.94 final=-209.94 trades=2 wr=0.00% best=2301.12
[Tuner] 047/100 pnl=10.02 final=10.02 trades=2 wr=50.00% best=2301.12
[Tuner] 048/100 pnl=-477.07 final=-477.07 trades=11 wr=27.27% best=2301.12
[Tuner] 049/100 pnl=-254.02 final=-254.02 trades=6 wr=33.33% best=2301.12
[Tuner] 050/100 pnl=0.00 final=0.00 trades=0 wr=0.00% best=2301.12
[Tuner] 051/100 pnl=365.27 final=365.26 trades=27 wr=33.33% best=2301.12
[Tuner] 052/100 pnl=-369.09 final=-338.99 trades=13 wr=46.15% best=2301.12
[Tuner] 053/100 pnl=0.00 final=0.00 trades=0 wr=0.00% best=2301.12
[Tuner] 054/100 pnl=137.34 final=-732.60 trades=39 wr=56.41% best=2301.12
[Tuner] 055/100 pnl=-89.98 final=-89.98 trades=1 wr=0.00% best=2301.12
[Tuner] 056/100 pnl=-29.58 final=-29.58 trades=4 wr=25.00% best=2301.12
[Tuner] 057/100 pnl=0.00 final=0.00 trades=0 wr=0.00% best=2301.12
[Tuner] 058/100 pnl=291.75 final=291.75 trades=9 wr=66.67% best=2301.12
[Tuner] 059/100 pnl=-259.32 final=-259.32 trades=12 wr=33.33% best=2301.12
[Tuner] 060/100 pnl=0.00 final=0.00 trades=0 wr=0.00% best=2301.12
[Tuner] 061/100 pnl=-89.95 final=-89.95 trades=1 wr=0.00% best=2301.12
[Tuner] 062/100 pnl=-89.60 final=-89.60 trades=1 wr=0.00% best=2301.12
[Tuner] 063/100 pnl=-539.53 final=-539.53 trades=4 wr=0.00% best=2301.12
[Tuner] 064/100 pnl=570.86 final=570.86 trades=3 wr=100.00% best=2301.12
[Tuner] 065/100 pnl=-704.23 final=-704.23 trades=35 wr=22.86% best=2301.12
[Tuner] 066/100 pnl=330.60 final=330.60 trades=7 wr=42.86% best=2301.12
[Tuner] 067/100 pnl=0.00 final=0.00 trades=0 wr=0.00% best=2301.12
[Tuner] 068/100 pnl=0.00 final=0.00 trades=0 wr=0.00% best=2301.12
[Tuner] 069/100 pnl=60.96 final=60.96 trades=2 wr=50.00% best=2301.12
[Tuner] 070/100 pnl=-438.80 final=-438.80 trades=8 wr=12.50% best=2301.12
[Tuner] 071/100 pnl=560.00 final=560.00 trades=1 wr=100.00% best=2301.12
[Tuner] 072/100 pnl=-2064.11 final=-2064.11 trades=37 wr=32.43% best=2301.12
[Tuner] 073/100 pnl=0.00 final=0.00 trades=0 wr=0.00% best=2301.12
[Tuner] 074/100 pnl=-438.63 final=-438.63 trades=8 wr=25.00% best=2301.12
[Tuner] 075/100 pnl=45.56 final=45.56 trades=3 wr=33.33% best=2301.12
[Tuner] 076/100 pnl=0.00 final=0.00 trades=0 wr=0.00% best=2301.12
[Tuner] 077/100 pnl=-108.84 final=-108.84 trades=14 wr=35.71% best=2301.12
[Tuner] 078/100 pnl=75.58 final=75.58 trades=3 wr=33.33% best=2301.12
[Tuner] 079/100 pnl=-278.92 final=2046.06 trades=9 wr=33.33% best=2301.12
[Tuner] 080/100 pnl=-256.19 final=1228.99 trades=17 wr=41.18% best=2301.12
[Tuner] 081/100 pnl=545.40 final=545.40 trades=4 wr=75.00% best=2301.12
[Tuner] 082/100 pnl=-29.13 final=-29.13 trades=5 wr=40.00% best=2301.12
[Tuner] 083/100 pnl=-104.27 final=2250.71 trades=12 wr=33.33% best=2301.12
[Tuner] 084/100 pnl=0.00 final=0.00 trades=0 wr=0.00% best=2301.12
[Tuner] 085/100 pnl=-433.96 final=-433.96 trades=7 wr=14.29% best=2301.12
[Tuner] 086/100 pnl=-89.98 final=-89.98 trades=1 wr=0.00% best=2301.12
[Tuner] 087/100 pnl=0.00 final=0.00 trades=0 wr=0.00% best=2301.12
[Tuner] 088/100 pnl=195.05 final=195.05 trades=1 wr=100.00% best=2301.12
[Tuner] 089/100 pnl=0.00 final=0.00 trades=0 wr=0.00% best=2301.12
[Tuner] 090/100 pnl=-477.63 final=-477.63 trades=9 wr=11.11% best=2301.12
[Tuner] 091/100 pnl=236.01 final=236.01 trades=12 wr=50.00% best=2301.12
[Tuner] 092/100 pnl=0.00 final=0.00 trades=0 wr=0.00% best=2301.12
[Tuner] 093/100 pnl=120.32 final=120.32 trades=2 wr=50.00% best=2301.12
[Tuner] 094/100 pnl=285.75 final=285.75 trades=2 wr=50.00% best=2301.12
[Tuner] 095/100 pnl=0.00 final=0.00 trades=0 wr=0.00% best=2301.12
[Tuner] 096/100 pnl=0.00 final=0.00 trades=0 wr=0.00% best=2301.12
[Tuner] 097/100 pnl=90.18 final=90.18 trades=4 wr=50.00% best=2301.12
[Tuner] 098/100 pnl=2300.39 final=2300.39 trades=5 wr=40.00% best=2301.12
[Tuner] 099/100 pnl=-299.96 final=-299.96 trades=2 wr=0.00% best=2301.12
[Tuner] 100/100 pnl=-438.64 final=-438.64 trades=8 wr=37.50% best=2301.12
[Tuner] Finished in 2047.6s
[Tuner] CSV: C:\Users\tnori\PyCharmMiscProject\backtest_1\exports\tick_tuning\tick_scalping_tuning_20260615_102932.csv
[Tuner] Best JSON: C:\Users\tnori\PyCharmMiscProject\backtest_1\exports\tick_tuning\tick_scalping_best_20260615_102932.json
[Tuner] Top 10:
#1 pnl=2301.12, trades=9, final=2301.12, wr=44.44%, pf=5.39, dd=-194.90, params=shock=2.0, tail=0.002, move=4.0, dr=0.8, spread=2.0, hold=30.0, tp=12.0, sl=4.0, confirm=2.0, retrace=0.2, order=limit, limit=worse_ticks:1.0
#2 pnl=2300.39, trades=5, final=2300.39, wr=40.00%, pf=11.97, dd=-209.63, params=shock=2.0, tail=0.001, move=3.0, dr=0.8, spread=2.0, hold=15.0, tp=12.0, sl=6.0, confirm=2.0, retrace=0.35, order=limit, limit=worse_ticks:1.0
#3 pnl=1201.22, trades=14, final=1201.22, wr=57.14%, pf=1.92, dd=-579.70, params=shock=2.0, tail=0.002, move=1.5, dr=0.8, spread=2.0, hold=15.0, tp=8.0, sl=6.0, confirm=1.0, retrace=0.2, order=opponent, limit=at_close:0.0
#4 pnl=940.00, trades=2, final=940.00, wr=100.00%, pf=0.00, dd=0.00, params=shock=5.0, tail=0.002, move=2.0, dr=0.8, spread=2.0, hold=30.0, tp=16.0, sl=3.0, confirm=1.0, retrace=0.2, order=limit, limit=better_ticks:1.0
#5 pnl=570.86, trades=3, final=570.86, wr=100.00%, pf=0.00, dd=0.00, params=shock=2.0, tail=0.005, move=4.0, dr=0.8, spread=1.0, hold=30.0, tp=16.0, sl=3.0, confirm=1.0, retrace=0.35, order=limit, limit=worse_ticks:1.0
#6 pnl=545.40, trades=4, final=545.40, wr=75.00%, pf=5.05, dd=-134.60, params=shock=5.0, tail=0.002, move=2.0, dr=0.65, spread=2.0, hold=30.0, tp=8.0, sl=6.0, confirm=1.0, retrace=0.2, order=limit, limit=worse_ticks:2.0
#7 pnl=365.27, trades=27, final=365.26, wr=33.33%, pf=1.12, dd=-982.99, params=shock=2.0, tail=0.005, move=3.0, dr=0.8, spread=2.0, hold=30.0, tp=16.0, sl=6.0, confirm=1.0, retrace=0.2, order=opponent, limit=at_close:0.0
#8 pnl=385.41, trades=7, final=385.41, wr=71.43%, pf=2.26, dd=-200.00, params=shock=5.0, tail=0.001, move=1.5, dr=0.7, spread=2.0, hold=5.0, tp=12.0, sl=8.0, confirm=2.0, retrace=0.35, order=limit, limit=better_ticks:1.0
#9 pnl=330.60, trades=7, final=330.60, wr=42.86%, pf=2.84, dd=-75.02, params=shock=8.0, tail=0.005, move=4.0, dr=0.7, spread=2.0, hold=8.0, tp=6.0, sl=3.0, confirm=1.0, retrace=0.2, order=limit, limit=better_ticks:1.0
#10 pnl=291.75, trades=9, final=291.75, wr=66.67%, pf=1.87, dd=-259.42, params=shock=5.0, tail=0.01, move=2.0, dr=0.7, spread=2.0, hold=5.0, tp=12.0, sl=8.0, confirm=2.0, retrace=0.5, order=limit, limit=at_close:0.0
